<?xml version="1.0" encoding="UTF-8"?>
<testng-results skipped="0" failed="1" total="5" passed="4">
  <reporter-output>
  </reporter-output>
  <suite name="Default suite" duration-ms="2000" started-at="2017-08-21T03:35:04Z" finished-at="2017-08-21T03:35:06Z">
    <groups>
      <group name="update">
        <method signature="ResourceAccessImplTest.updateListTest()[pri:0, instance:com.whayer.cloud.storage.component.device.resourceaccess.impl.Test.ResourceAccessImplTest@47c7d682]" name="updateListTest" class="com.whayer.cloud.storage.component.device.resourceaccess.impl.Test.ResourceAccessImplTest"/>
      </group> <!-- update -->
      <group name="query">
        <method signature="ResourceAccessImplTest.searchAlarmInfoListTest()[pri:0, instance:com.whayer.cloud.storage.component.device.resourceaccess.impl.Test.ResourceAccessImplTest@47c7d682]" name="searchAlarmInfoListTest" class="com.whayer.cloud.storage.component.device.resourceaccess.impl.Test.ResourceAccessImplTest"/>
      </group> <!-- query -->
      <group name="add">
        <method signature="ResourceAccessImplTest.savleAlarmMessageLevelMetaTest()[pri:0, instance:com.whayer.cloud.storage.component.device.resourceaccess.impl.Test.ResourceAccessImplTest@47c7d682]" name="savleAlarmMessageLevelMetaTest" class="com.whayer.cloud.storage.component.device.resourceaccess.impl.Test.ResourceAccessImplTest"/>
      </group> <!-- add -->
      <group name="singleDelete">
        <method signature="ResourceAccessImplTest.deleteAlarmInfoListTest()[pri:0, instance:com.whayer.cloud.storage.component.device.resourceaccess.impl.Test.ResourceAccessImplTest@47c7d682]" name="deleteAlarmInfoListTest" class="com.whayer.cloud.storage.component.device.resourceaccess.impl.Test.ResourceAccessImplTest"/>
      </group> <!-- singleDelete -->
      <group name="add1">
        <method signature="ResourceAccessImplTest.savleAlarmMessageLevelMetaListTest()[pri:0, instance:com.whayer.cloud.storage.component.device.resourceaccess.impl.Test.ResourceAccessImplTest@47c7d682]" name="savleAlarmMessageLevelMetaListTest" class="com.whayer.cloud.storage.component.device.resourceaccess.impl.Test.ResourceAccessImplTest"/>
      </group> <!-- add1 -->
    </groups>
    <test name="Default test" duration-ms="2000" started-at="2017-08-21T03:35:04Z" finished-at="2017-08-21T03:35:06Z">
      <class name="com.whayer.cloud.storage.component.device.resourceaccess.impl.Test.ResourceAccessImplTest">
        <test-method status="PASS" signature="beforeTest()[pri:0, instance:com.whayer.cloud.storage.component.device.resourceaccess.impl.Test.ResourceAccessImplTest@47c7d682]" name="beforeTest" is-config="true" duration-ms="264" started-at="2017-08-21T11:35:04Z" finished-at="2017-08-21T11:35:04Z">
          <reporter-output>
          </reporter-output>
        </test-method> <!-- beforeTest -->
        <test-method status="PASS" signature="springTestContextBeforeTestClass()[pri:0, instance:com.whayer.cloud.storage.component.device.resourceaccess.impl.Test.ResourceAccessImplTest@47c7d682]" name="springTestContextBeforeTestClass" is-config="true" duration-ms="1" started-at="2017-08-21T11:35:04Z" finished-at="2017-08-21T11:35:04Z">
          <reporter-output>
          </reporter-output>
        </test-method> <!-- springTestContextBeforeTestClass -->
        <test-method status="PASS" signature="springTestContextPrepareTestInstance()[pri:0, instance:com.whayer.cloud.storage.component.device.resourceaccess.impl.Test.ResourceAccessImplTest@47c7d682]" name="springTestContextPrepareTestInstance" is-config="true" duration-ms="122" started-at="2017-08-21T11:35:04Z" depends-on-methods="org.springframework.test.context.testng.AbstractTestNGSpringContextTests.springTestContextBeforeTestClass" finished-at="2017-08-21T11:35:04Z">
          <reporter-output>
          </reporter-output>
        </test-method> <!-- springTestContextPrepareTestInstance -->
        <test-method status="PASS" signature="springTestContextBeforeTestMethod(java.lang.reflect.Method)[pri:0, instance:com.whayer.cloud.storage.component.device.resourceaccess.impl.Test.ResourceAccessImplTest@47c7d682]" name="springTestContextBeforeTestMethod" is-config="true" duration-ms="2" started-at="2017-08-21T11:35:04Z" finished-at="2017-08-21T11:35:04Z">
          <params>
            <param index="0">
              <value>
                <![CDATA[public void com.whayer.cloud.storage.component.device.resourceaccess.impl.Test.ResourceAccessImplTest.savleAlarmMessageLevelMetaTest()]]>
              </value>
            </param>
          </params>
          <reporter-output>
          </reporter-output>
        </test-method> <!-- springTestContextBeforeTestMethod -->
        <test-method status="PASS" signature="savleAlarmMessageLevelMetaTest()[pri:0, instance:com.whayer.cloud.storage.component.device.resourceaccess.impl.Test.ResourceAccessImplTest@47c7d682]" name="savleAlarmMessageLevelMetaTest" duration-ms="1324" started-at="2017-08-21T11:35:04Z" finished-at="2017-08-21T11:35:05Z">
          <reporter-output>
          </reporter-output>
        </test-method> <!-- savleAlarmMessageLevelMetaTest -->
        <test-method status="PASS" signature="springTestContextAfterTestMethod(java.lang.reflect.Method)[pri:0, instance:com.whayer.cloud.storage.component.device.resourceaccess.impl.Test.ResourceAccessImplTest@47c7d682]" name="springTestContextAfterTestMethod" is-config="true" duration-ms="1" started-at="2017-08-21T11:35:05Z" finished-at="2017-08-21T11:35:05Z">
          <params>
            <param index="0">
              <value>
                <![CDATA[public void com.whayer.cloud.storage.component.device.resourceaccess.impl.Test.ResourceAccessImplTest.savleAlarmMessageLevelMetaTest()]]>
              </value>
            </param>
          </params>
          <reporter-output>
          </reporter-output>
        </test-method> <!-- springTestContextAfterTestMethod -->
        <test-method status="PASS" signature="savleAlarmMessageLevelMetaListTest()[pri:0, instance:com.whayer.cloud.storage.component.device.resourceaccess.impl.Test.ResourceAccessImplTest@47c7d682]" name="savleAlarmMessageLevelMetaListTest" duration-ms="83" depends-on-groups="add" started-at="2017-08-21T11:35:05Z" finished-at="2017-08-21T11:35:06Z">
          <reporter-output>
          </reporter-output>
        </test-method> <!-- savleAlarmMessageLevelMetaListTest -->
        <test-method status="PASS" signature="springTestContextBeforeTestMethod(java.lang.reflect.Method)[pri:0, instance:com.whayer.cloud.storage.component.device.resourceaccess.impl.Test.ResourceAccessImplTest@47c7d682]" name="springTestContextBeforeTestMethod" is-config="true" duration-ms="0" started-at="2017-08-21T11:35:05Z" finished-at="2017-08-21T11:35:05Z">
          <params>
            <param index="0">
              <value>
                <![CDATA[public void com.whayer.cloud.storage.component.device.resourceaccess.impl.Test.ResourceAccessImplTest.savleAlarmMessageLevelMetaListTest()]]>
              </value>
            </param>
          </params>
          <reporter-output>
          </reporter-output>
        </test-method> <!-- springTestContextBeforeTestMethod -->
        <test-method status="PASS" signature="springTestContextAfterTestMethod(java.lang.reflect.Method)[pri:0, instance:com.whayer.cloud.storage.component.device.resourceaccess.impl.Test.ResourceAccessImplTest@47c7d682]" name="springTestContextAfterTestMethod" is-config="true" duration-ms="0" started-at="2017-08-21T11:35:06Z" finished-at="2017-08-21T11:35:06Z">
          <params>
            <param index="0">
              <value>
                <![CDATA[public void com.whayer.cloud.storage.component.device.resourceaccess.impl.Test.ResourceAccessImplTest.savleAlarmMessageLevelMetaListTest()]]>
              </value>
            </param>
          </params>
          <reporter-output>
          </reporter-output>
        </test-method> <!-- springTestContextAfterTestMethod -->
        <test-method status="PASS" signature="updateListTest()[pri:0, instance:com.whayer.cloud.storage.component.device.resourceaccess.impl.Test.ResourceAccessImplTest@47c7d682]" name="updateListTest" duration-ms="14" depends-on-groups="add" started-at="2017-08-21T11:35:06Z" finished-at="2017-08-21T11:35:06Z">
          <reporter-output>
          </reporter-output>
        </test-method> <!-- updateListTest -->
        <test-method status="PASS" signature="springTestContextBeforeTestMethod(java.lang.reflect.Method)[pri:0, instance:com.whayer.cloud.storage.component.device.resourceaccess.impl.Test.ResourceAccessImplTest@47c7d682]" name="springTestContextBeforeTestMethod" is-config="true" duration-ms="0" started-at="2017-08-21T11:35:06Z" finished-at="2017-08-21T11:35:06Z">
          <params>
            <param index="0">
              <value>
                <![CDATA[public void com.whayer.cloud.storage.component.device.resourceaccess.impl.Test.ResourceAccessImplTest.updateListTest()]]>
              </value>
            </param>
          </params>
          <reporter-output>
          </reporter-output>
        </test-method> <!-- springTestContextBeforeTestMethod -->
        <test-method status="PASS" signature="springTestContextAfterTestMethod(java.lang.reflect.Method)[pri:0, instance:com.whayer.cloud.storage.component.device.resourceaccess.impl.Test.ResourceAccessImplTest@47c7d682]" name="springTestContextAfterTestMethod" is-config="true" duration-ms="1" started-at="2017-08-21T11:35:06Z" finished-at="2017-08-21T11:35:06Z">
          <params>
            <param index="0">
              <value>
                <![CDATA[public void com.whayer.cloud.storage.component.device.resourceaccess.impl.Test.ResourceAccessImplTest.updateListTest()]]>
              </value>
            </param>
          </params>
          <reporter-output>
          </reporter-output>
        </test-method> <!-- springTestContextAfterTestMethod -->
        <test-method status="PASS" signature="springTestContextBeforeTestMethod(java.lang.reflect.Method)[pri:0, instance:com.whayer.cloud.storage.component.device.resourceaccess.impl.Test.ResourceAccessImplTest@47c7d682]" name="springTestContextBeforeTestMethod" is-config="true" duration-ms="1" started-at="2017-08-21T11:35:06Z" finished-at="2017-08-21T11:35:06Z">
          <params>
            <param index="0">
              <value>
                <![CDATA[public void com.whayer.cloud.storage.component.device.resourceaccess.impl.Test.ResourceAccessImplTest.searchAlarmInfoListTest()]]>
              </value>
            </param>
          </params>
          <reporter-output>
          </reporter-output>
        </test-method> <!-- springTestContextBeforeTestMethod -->
        <test-method status="PASS" signature="searchAlarmInfoListTest()[pri:0, instance:com.whayer.cloud.storage.component.device.resourceaccess.impl.Test.ResourceAccessImplTest@47c7d682]" name="searchAlarmInfoListTest" duration-ms="130" depends-on-groups="update, add" started-at="2017-08-21T11:35:06Z" finished-at="2017-08-21T11:35:06Z">
          <reporter-output>
          </reporter-output>
        </test-method> <!-- searchAlarmInfoListTest -->
        <test-method status="PASS" signature="springTestContextAfterTestMethod(java.lang.reflect.Method)[pri:0, instance:com.whayer.cloud.storage.component.device.resourceaccess.impl.Test.ResourceAccessImplTest@47c7d682]" name="springTestContextAfterTestMethod" is-config="true" duration-ms="1" started-at="2017-08-21T11:35:06Z" finished-at="2017-08-21T11:35:06Z">
          <params>
            <param index="0">
              <value>
                <![CDATA[public void com.whayer.cloud.storage.component.device.resourceaccess.impl.Test.ResourceAccessImplTest.searchAlarmInfoListTest()]]>
              </value>
            </param>
          </params>
          <reporter-output>
          </reporter-output>
        </test-method> <!-- springTestContextAfterTestMethod -->
        <test-method status="PASS" signature="springTestContextBeforeTestMethod(java.lang.reflect.Method)[pri:0, instance:com.whayer.cloud.storage.component.device.resourceaccess.impl.Test.ResourceAccessImplTest@47c7d682]" name="springTestContextBeforeTestMethod" is-config="true" duration-ms="1" started-at="2017-08-21T11:35:06Z" finished-at="2017-08-21T11:35:06Z">
          <params>
            <param index="0">
              <value>
                <![CDATA[public void com.whayer.cloud.storage.component.device.resourceaccess.impl.Test.ResourceAccessImplTest.deleteAlarmInfoListTest()]]>
              </value>
            </param>
          </params>
          <reporter-output>
          </reporter-output>
        </test-method> <!-- springTestContextBeforeTestMethod -->
        <test-method status="FAIL" signature="deleteAlarmInfoListTest()[pri:0, instance:com.whayer.cloud.storage.component.device.resourceaccess.impl.Test.ResourceAccessImplTest@47c7d682]" name="deleteAlarmInfoListTest" duration-ms="27" depends-on-groups="update, query" started-at="2017-08-21T11:35:06Z" finished-at="2017-08-21T11:35:06Z">
          <exception class="java.lang.AssertionError">
            <message>
              <![CDATA[expected [true] but found [false]]]>
            </message>
            <full-stacktrace>
              <![CDATA[java.lang.AssertionError: expected [true] but found [false]
	at org.testng.Assert.fail(Assert.java:94)
	at org.testng.Assert.failNotEquals(Assert.java:513)
	at org.testng.Assert.assertTrue(Assert.java:42)
	at org.testng.Assert.assertTrue(Assert.java:52)
	at com.whayer.cloud.storage.component.device.resourceaccess.impl.Test.ResourceAccessImplTest.deleteAlarmInfoListTest(ResourceAccessImplTest.java:106)
	at sun.reflect.NativeMethodAccessorImpl.invoke0(Native Method)
	at sun.reflect.NativeMethodAccessorImpl.invoke(NativeMethodAccessorImpl.java:57)
	at sun.reflect.DelegatingMethodAccessorImpl.invoke(DelegatingMethodAccessorImpl.java:43)
	at java.lang.reflect.Method.invoke(Method.java:606)
	at org.testng.internal.MethodInvocationHelper.invokeMethod(MethodInvocationHelper.java:100)
	at org.testng.internal.MethodInvocationHelper$1.runTestMethod(MethodInvocationHelper.java:189)
	at org.springframework.test.context.testng.AbstractTestNGSpringContextTests.run(AbstractTestNGSpringContextTests.java:175)
	at org.testng.internal.MethodInvocationHelper.invokeHookable(MethodInvocationHelper.java:201)
	at org.testng.internal.Invoker.invokeMethod(Invoker.java:642)
	at org.testng.internal.Invoker.invokeTestMethod(Invoker.java:811)
	at org.testng.internal.Invoker.invokeTestMethods(Invoker.java:1129)
	at org.testng.internal.TestMethodWorker.invokeTestMethods(TestMethodWorker.java:129)
	at org.testng.internal.TestMethodWorker.run(TestMethodWorker.java:112)
	at org.testng.TestRunner.privateRun(TestRunner.java:746)
	at org.testng.TestRunner.run(TestRunner.java:600)
	at org.testng.SuiteRunner.runTest(SuiteRunner.java:366)
	at org.testng.SuiteRunner.runSequentially(SuiteRunner.java:361)
	at org.testng.SuiteRunner.privateRun(SuiteRunner.java:319)
	at org.testng.SuiteRunner.run(SuiteRunner.java:268)
	at org.testng.SuiteRunnerWorker.runSuite(SuiteRunnerWorker.java:52)
	at org.testng.SuiteRunnerWorker.run(SuiteRunnerWorker.java:86)
	at org.testng.TestNG.runSuitesSequentially(TestNG.java:1264)
	at org.testng.TestNG.runSuitesLocally(TestNG.java:1189)
	at org.testng.TestNG.runSuites(TestNG.java:1104)
	at org.testng.TestNG.run(TestNG.java:1076)
	at org.testng.remote.AbstractRemoteTestNG.run(AbstractRemoteTestNG.java:132)
	at org.testng.remote.RemoteTestNG.initAndRun(RemoteTestNG.java:230)
	at org.testng.remote.RemoteTestNG.main(RemoteTestNG.java:76)
]]>
            </full-stacktrace>
          </exception> <!-- java.lang.AssertionError -->
          <reporter-output>
          </reporter-output>
        </test-method> <!-- deleteAlarmInfoListTest -->
        <test-method status="PASS" signature="springTestContextAfterTestMethod(java.lang.reflect.Method)[pri:0, instance:com.whayer.cloud.storage.component.device.resourceaccess.impl.Test.ResourceAccessImplTest@47c7d682]" name="springTestContextAfterTestMethod" is-config="true" duration-ms="1" started-at="2017-08-21T11:35:06Z" finished-at="2017-08-21T11:35:06Z">
          <params>
            <param index="0">
              <value>
                <![CDATA[public void com.whayer.cloud.storage.component.device.resourceaccess.impl.Test.ResourceAccessImplTest.deleteAlarmInfoListTest()]]>
              </value>
            </param>
          </params>
          <reporter-output>
          </reporter-output>
        </test-method> <!-- springTestContextAfterTestMethod -->
        <test-method status="PASS" signature="springTestContextAfterTestClass()[pri:0, instance:com.whayer.cloud.storage.component.device.resourceaccess.impl.Test.ResourceAccessImplTest@47c7d682]" name="springTestContextAfterTestClass" is-config="true" duration-ms="0" started-at="2017-08-21T11:35:06Z" finished-at="2017-08-21T11:35:06Z">
          <reporter-output>
          </reporter-output>
        </test-method> <!-- springTestContextAfterTestClass -->
      </class> <!-- com.whayer.cloud.storage.component.device.resourceaccess.impl.Test.ResourceAccessImplTest -->
    </test> <!-- Default test -->
  </suite> <!-- Default suite -->
</testng-results>
