<?xml version="1.0" encoding="UTF-8"?>
<!-- Generated by org.testng.reporters.JUnitXMLReporter -->
<testsuite hostname="WY-20170801CARC" name="Default test" tests="7" failures="0" timestamp="22 Aug 2017 07:11:41 GMT" time="2.761" errors="0">
  <testcase name="savleAlarmMessageLevelMetaTest" time="1.598" classname="whayer.cloud.storage.component.foundation.access.impl.test.AccessImplTest"/>
  <testcase name="savleAlarmMessageLevelMetaTest" time="0.024" classname="whayer.cloud.storage.component.foundation.access.impl.test.AccessImplTest"/>
  <testcase name="savleAlarmMessageLevelMetaListTest" time="0.235" classname="whayer.cloud.storage.component.foundation.access.impl.test.AccessImplTest"/>
  <testcase name="updateListTest" time="0.029" classname="whayer.cloud.storage.component.foundation.access.impl.test.AccessImplTest"/>
  <testcase name="searchAlarmInfoListTest" time="0.286" classname="whayer.cloud.storage.component.foundation.access.impl.test.AccessImplTest"/>
  <testcase name="searchAlarmInfoListTest" time="0.326" classname="whayer.cloud.storage.component.foundation.access.impl.test.AccessImplTest"/>
  <testcase name="deleteAlarmInfoListTest" time="0.088" classname="whayer.cloud.storage.component.foundation.access.impl.test.AccessImplTest"/>
</testsuite> <!-- Default test -->
