<?xml version="1.0" encoding="UTF-8"?>
<!-- Generated by org.testng.reporters.JUnitXMLReporter -->
<testsuite hostname="WY-20170801CARC" name="Default test" tests="4" failures="0" timestamp="29 Aug 2017 06:18:45 GMT" time="2.082" errors="0">
  <testcase name="sigleSave" time="1.6" classname="whayer.cloud.storage.component.foundation.filemarkaccess.test.FileMarkAccessTest"/>
  <testcase name="modify" time="0.036" classname="whayer.cloud.storage.component.foundation.filemarkaccess.test.FileMarkAccessTest"/>
  <testcase name="queryFileInfoSize" time="0.016" classname="whayer.cloud.storage.component.foundation.filemarkaccess.test.FileMarkAccessTest"/>
  <testcase name="deleteFileInfo" time="0.054" classname="whayer.cloud.storage.component.foundation.filemarkaccess.test.FileMarkAccessTest"/>
</testsuite> <!-- Default test -->
