<?xml version="1.0" encoding="UTF-8"?>
<!-- Generated by org.testng.reporters.JUnitXMLReporter -->
<testsuite hostname="WY-20170801CARC" name="Default test" tests="8" failures="0" timestamp="31 Aug 2017 02:46:56 GMT" time="5.765" errors="0">
  <testcase name="addFileInfoTest" time="2.199" classname="whayer.cloud.storage.component.foundation.filemarkaccess.test.IFileMarkAccessTest"/>
  <testcase name="queryFileInfoTest" time="0.247" classname="whayer.cloud.storage.component.foundation.filemarkaccess.test.IFileMarkAccessTest"/>
  <testcase name="addFileMarkInfoTest" time="0.043" classname="whayer.cloud.storage.component.foundation.filemarkaccess.test.IFileMarkAccessTest"/>
  <testcase name="modifyFileInfoTest" time="0.014" classname="whayer.cloud.storage.component.foundation.filemarkaccess.test.IFileMarkAccessTest"/>
  <testcase name="modifyFileMarkInfoTest" time="0.031" classname="whayer.cloud.storage.component.foundation.filemarkaccess.test.IFileMarkAccessTest"/>
  <testcase name="queryFileMarkInfoTest" time="3.089" classname="whayer.cloud.storage.component.foundation.filemarkaccess.test.IFileMarkAccessTest"/>
  <testcase name="deleteFileInfoTest" time="0.078" classname="whayer.cloud.storage.component.foundation.filemarkaccess.test.IFileMarkAccessTest"/>
  <testcase name="deleteFileMarkInfoTest" time="0.024" classname="whayer.cloud.storage.component.foundation.filemarkaccess.test.IFileMarkAccessTest"/>
</testsuite> <!-- Default test -->
