<?xml version="1.0" encoding="UTF-8"?>
<!-- Generated by org.testng.reporters.JUnitXMLReporter -->
<testsuite hostname="WY-20170801CARC" ignored="0" name="Default test" tests="10" failures="0" timestamp="24 八月 2017 02:15:20 GMT" time="3.192" errors="0">
  <testcase name="save" time="0.021" classname="com.whayer.cloud.storage.component.foundation.res.implTest.ResourceServiceImplTest"/>
  <testcase name="save1" time="0.075" classname="com.whayer.cloud.storage.component.foundation.res.implTest.ResourceServiceImplTest"/>
  <testcase name="update" time="0.013" classname="com.whayer.cloud.storage.component.foundation.res.implTest.ResourceServiceImplTest"/>
  <testcase name="update1" time="0.136" classname="com.whayer.cloud.storage.component.foundation.res.implTest.ResourceServiceImplTest"/>
  <testcase name="update2" time="0.069" classname="com.whayer.cloud.storage.component.foundation.res.implTest.ResourceServiceImplTest"/>
  <testcase name="count" time="0.013" classname="com.whayer.cloud.storage.component.foundation.res.implTest.ResourceServiceImplTest"/>
  <testcase name="find" time="0.032" classname="com.whayer.cloud.storage.component.foundation.res.implTest.ResourceServiceImplTest"/>
  <testcase name="get" time="0.129" classname="com.whayer.cloud.storage.component.foundation.res.implTest.ResourceServiceImplTest"/>
  <testcase name="getByCode" time="0.039" classname="com.whayer.cloud.storage.component.foundation.res.implTest.ResourceServiceImplTest"/>
  <testcase name="delete" time="0.028" classname="com.whayer.cloud.storage.component.foundation.res.implTest.ResourceServiceImplTest"/>
</testsuite> <!-- Default test -->
