<?xml version="1.0" encoding="UTF-8"?>
<!-- Generated by org.testng.reporters.JUnitXMLReporter -->
<testsuite hostname="WY-20170801CARC" ignored="0" name="Default test" tests="4" failures="0" timestamp="04 八月 2017 07:34:04 GMT" time="0.035" errors="0">
  <testcase name="@BeforeSuite testGetDao" time="0.558" classname="whayer.cloud.framework.db.test.HibernateDaoTest">
    <failure type="org.springframework.beans.factory.CannotLoadBeanClassException" message="Cannot find class [whayer.cloud.framework.data.db.dao.datasource.MyBatisDbSessionFactory] for bean with name &amp;apos;myBatisSessionFactory&amp;apos; defined in class path resource [beans.xml]; nested exception is java.lang.ClassNotFoundException: whayer.cloud.framework.data.db.dao.datasource.MyBatisDbSessionFactory">
      <![CDATA[org.springframework.beans.factory.CannotLoadBeanClassException: Cannot find class [whayer.cloud.framework.data.db.dao.datasource.MyBatisDbSessionFactory] for bean with name 'myBatisSessionFactory' defined in class path resource [beans.xml]; nested exception is java.lang.ClassNotFoundException: whayer.cloud.framework.data.db.dao.datasource.MyBatisDbSessionFactory
	at org.springframework.beans.factory.support.AbstractBeanFactory.resolveBeanClass(AbstractBeanFactory.java:1385)
	at org.springframework.beans.factory.support.AbstractAutowireCapableBeanFactory.determineTargetType(AbstractAutowireCapableBeanFactory.java:641)
	at org.springframework.beans.factory.support.AbstractAutowireCapableBeanFactory.predictBeanType(AbstractAutowireCapableBeanFactory.java:609)
	at org.springframework.beans.factory.support.AbstractBeanFactory.isFactoryBean(AbstractBeanFactory.java:1484)
	at org.springframework.beans.factory.support.AbstractBeanFactory.isFactoryBean(AbstractBeanFactory.java:1007)
	at org.springframework.beans.factory.support.DefaultListableBeanFactory.preInstantiateSingletons(DefaultListableBeanFactory.java:741)
	at org.springframework.context.support.AbstractApplicationContext.finishBeanFactoryInitialization(AbstractApplicationContext.java:866)
	at org.springframework.context.support.AbstractApplicationContext.refresh(AbstractApplicationContext.java:542)
	at org.springframework.context.support.ClassPathXmlApplicationContext.<init>(ClassPathXmlApplicationContext.java:139)
	at org.springframework.context.support.ClassPathXmlApplicationContext.<init>(ClassPathXmlApplicationContext.java:83)
	at whayer.cloud.framework.db.test.HibernateDaoTest.testGetDao(HibernateDaoTest.java:45)
	at sun.reflect.NativeMethodAccessorImpl.invoke0(Native Method)
	at sun.reflect.NativeMethodAccessorImpl.invoke(NativeMethodAccessorImpl.java:57)
	at sun.reflect.DelegatingMethodAccessorImpl.invoke(DelegatingMethodAccessorImpl.java:43)
	at java.lang.reflect.Method.invoke(Method.java:606)
	at org.testng.internal.MethodInvocationHelper.invokeMethod(MethodInvocationHelper.java:108)
	at org.testng.internal.Invoker.invokeConfigurationMethod(Invoker.java:523)
	at org.testng.internal.Invoker.invokeConfigurations(Invoker.java:224)
	at org.testng.internal.Invoker.invokeConfigurations(Invoker.java:146)
	at org.testng.SuiteRunner.privateRun(SuiteRunner.java:326)
	at org.testng.SuiteRunner.run(SuiteRunner.java:289)
	at org.testng.SuiteRunnerWorker.runSuite(SuiteRunnerWorker.java:52)
	at org.testng.SuiteRunnerWorker.run(SuiteRunnerWorker.java:86)
	at org.testng.TestNG.runSuitesSequentially(TestNG.java:1301)
	at org.testng.TestNG.runSuitesLocally(TestNG.java:1226)
	at org.testng.TestNG.runSuites(TestNG.java:1144)
	at org.testng.TestNG.run(TestNG.java:1115)
	at org.testng.remote.AbstractRemoteTestNG.run(AbstractRemoteTestNG.java:132)
	at org.testng.remote.RemoteTestNG.initAndRun(RemoteTestNG.java:230)
	at org.testng.remote.RemoteTestNG.main(RemoteTestNG.java:76)
Caused by: java.lang.ClassNotFoundException: whayer.cloud.framework.data.db.dao.datasource.MyBatisDbSessionFactory
	at java.net.URLClassLoader$1.run(URLClassLoader.java:366)
	at java.net.URLClassLoader$1.run(URLClassLoader.java:355)
	at java.security.AccessController.doPrivileged(Native Method)
	at java.net.URLClassLoader.findClass(URLClassLoader.java:354)
	at java.lang.ClassLoader.loadClass(ClassLoader.java:425)
	at sun.misc.Launcher$AppClassLoader.loadClass(Launcher.java:308)
	at java.lang.ClassLoader.loadClass(ClassLoader.java:358)
	at org.springframework.util.ClassUtils.forName(ClassUtils.java:250)
	at org.springframework.beans.factory.support.AbstractBeanDefinition.resolveBeanClass(AbstractBeanDefinition.java:401)
	at org.springframework.beans.factory.support.AbstractBeanFactory.doResolveBeanClass(AbstractBeanFactory.java:1432)
	at org.springframework.beans.factory.support.AbstractBeanFactory.resolveBeanClass(AbstractBeanFactory.java:1377)
	... 29 more
]]>
    </failure>
  </testcase> <!-- @BeforeSuite testGetDao -->
  <testcase name="@BeforeTest testDeleteOne" time="0.0" classname="whayer.cloud.framework.db.test.HibernateDaoTest">
    <skipped/>
  </testcase> <!-- @BeforeTest testDeleteOne -->
  <testcase name="@BeforeClass testInsert" time="0.0" classname="whayer.cloud.framework.db.test.HibernateDaoTest">
    <skipped/>
  </testcase> <!-- @BeforeClass testInsert -->
  <testcase name="@BeforeClass testUpdateOne" time="0.0" classname="whayer.cloud.framework.db.test.HibernateDaoTest">
    <skipped/>
  </testcase> <!-- @BeforeClass testUpdateOne -->
  <testcase name="@BeforeClass testUpdateWhere" time="0.0" classname="whayer.cloud.framework.db.test.HibernateDaoTest">
    <skipped/>
  </testcase> <!-- @BeforeClass testUpdateWhere -->
  <testcase name="@AfterTest testDeleteWhere" time="0.0" classname="whayer.cloud.framework.db.test.HibernateDaoTest">
    <skipped/>
  </testcase> <!-- @AfterTest testDeleteWhere -->
  <testcase name="testCount" time="0.0" classname="whayer.cloud.framework.db.test.HibernateDaoTest">
    <skipped/>
  </testcase> <!-- testCount -->
  <testcase name="testGroup" time="0.0" classname="whayer.cloud.framework.db.test.HibernateDaoTest">
    <skipped/>
  </testcase> <!-- testGroup -->
  <testcase name="testSelectList" time="0.0" classname="whayer.cloud.framework.db.test.HibernateDaoTest">
    <skipped/>
  </testcase> <!-- testSelectList -->
  <testcase name="testSelectOne" time="0.0" classname="whayer.cloud.framework.db.test.HibernateDaoTest">
    <skipped/>
  </testcase> <!-- testSelectOne -->
</testsuite> <!-- Default test -->
