<?xml version="1.0" encoding="UTF-8"?>
<!-- Generated by org.testng.reporters.JUnitXMLReporter -->
<testsuite hostname="WY-20170801CARC" name="Default test" tests="5" failures="0" timestamp="21 Aug 2017 04:58:07 GMT" time="3.061" errors="0">
  <testcase name="savleAlarmMessageLevelMetaTest" time="1.769" classname="whayer.cloud.storage.component.device.deviceaccess.impl.DeviceAccessImplTest"/>
  <testcase name="savleAlarmMessageLevelMetaListTest" time="0.129" classname="whayer.cloud.storage.component.device.deviceaccess.impl.DeviceAccessImplTest"/>
  <testcase name="updateListTest" time="0.068" classname="whayer.cloud.storage.component.device.deviceaccess.impl.DeviceAccessImplTest"/>
  <testcase name="searchAlarmInfoListTest" time="0.184" classname="whayer.cloud.storage.component.device.deviceaccess.impl.DeviceAccessImplTest"/>
  <testcase name="deleteAlarmInfoListTest" time="0.02" classname="whayer.cloud.storage.component.device.deviceaccess.impl.DeviceAccessImplTest"/>
</testsuite> <!-- Default test -->
